<?xml version="1.0" encoding="UTF-8"?>
<testsuite xmlns:xsi="http://www.w3.org/2001/XMLSchema-instance" xsi:noNamespaceSchemaLocation="https://maven.apache.org/surefire/maven-surefire-plugin/xsd/surefire-test-report.xsd" name="org.springframework.samples.petclinic.vets.web.VetResourceTest" time="2.625" tests="1" errors="0" skipped="0" failures="0">
  <properties>
    <property name="git.tags" value=""/>
    <property name="java.specification.version" value="17"/>
    <property name="git.build.version" value="3.0.2"/>
    <property name="sun.jnu.encoding" value="UTF-8"/>
    <property name="java.class.path" value="/home/yasuhisa/Repository/spring-petclinic-microservices/spring-petclinic-vets-service/target/test-classes:/home/yasuhisa/Repository/spring-petclinic-microservices/spring-petclinic-vets-service/target/classes:/home/yasuhisa/.m2/repository/org/springframework/boot/spring-boot-starter-web/3.0.2/spring-boot-starter-web-3.0.2.jar:/home/yasuhisa/.m2/repository/org/springframework/boot/spring-boot-starter/3.0.2/spring-boot-starter-3.0.2.jar:/home/yasuhisa/.m2/repository/org/springframework/boot/spring-boot/3.0.2/spring-boot-3.0.2.jar:/home/yasuhisa/.m2/repository/org/springframework/boot/spring-boot-autoconfigure/3.0.2/spring-boot-autoconfigure-3.0.2.jar:/home/yasuhisa/.m2/repository/org/springframework/boot/spring-boot-starter-logging/3.0.2/spring-boot-starter-logging-3.0.2.jar:/home/yasuhisa/.m2/repository/ch/qos/logback/logback-classic/1.4.5/logback-classic-1.4.5.jar:/home/yasuhisa/.m2/repository/ch/qos/logback/logback-core/1.4.5/logback-core-1.4.5.jar:/home/yasuhisa/.m2/repository/org/apache/logging/log4j/log4j-to-slf4j/2.19.0/log4j-to-slf4j-2.19.0.jar:/home/yasuhisa/.m2/repository/org/apache/logging/log4j/log4j-api/2.19.0/log4j-api-2.19.0.jar:/home/yasuhisa/.m2/repository/org/slf4j/jul-to-slf4j/2.0.6/jul-to-slf4j-2.0.6.jar:/home/yasuhisa/.m2/repository/jakarta/annotation/jakarta.annotation-api/2.1.1/jakarta.annotation-api-2.1.1.jar:/home/yasuhisa/.m2/repository/org/yaml/snakeyaml/1.33/snakeyaml-1.33.jar:/home/yasuhisa/.m2/repository/org/springframework/boot/spring-boot-starter-json/3.0.2/spring-boot-starter-json-3.0.2.jar:/home/yasuhisa/.m2/repository/com/fasterxml/jackson/datatype/jackson-datatype-jdk8/2.14.1/jackson-datatype-jdk8-2.14.1.jar:/home/yasuhisa/.m2/repository/com/fasterxml/jackson/datatype/jackson-datatype-jsr310/2.14.1/jackson-datatype-jsr310-2.14.1.jar:/home/yasuhisa/.m2/repository/com/fasterxml/jackson/module/jackson-module-parameter-names/2.14.1/jackson-module-parameter-names-2.14.1.jar:/home/yasuhisa/.m2/repository/org/springframework/boot/spring-boot-starter-tomcat/3.0.2/spring-boot-starter-tomcat-3.0.2.jar:/home/yasuhisa/.m2/repository/org/apache/tomcat/embed/tomcat-embed-core/10.1.5/tomcat-embed-core-10.1.5.jar:/home/yasuhisa/.m2/repository/org/apache/tomcat/embed/tomcat-embed-el/10.1.5/tomcat-embed-el-10.1.5.jar:/home/yasuhisa/.m2/repository/org/apache/tomcat/embed/tomcat-embed-websocket/10.1.5/tomcat-embed-websocket-10.1.5.jar:/home/yasuhisa/.m2/repository/org/springframework/spring-web/6.0.4/spring-web-6.0.4.jar:/home/yasuhisa/.m2/repository/org/springframework/spring-beans/6.0.4/spring-beans-6.0.4.jar:/home/yasuhisa/.m2/repository/org/springframework/spring-webmvc/6.0.4/spring-webmvc-6.0.4.jar:/home/yasuhisa/.m2/repository/org/springframework/spring-aop/6.0.4/spring-aop-6.0.4.jar:/home/yasuhisa/.m2/repository/org/springframework/spring-context/6.0.4/spring-context-6.0.4.jar:/home/yasuhisa/.m2/repository/org/springframework/spring-expression/6.0.4/spring-expression-6.0.4.jar:/home/yasuhisa/.m2/repository/org/springframework/boot/spring-boot-configuration-processor/3.0.2/spring-boot-configuration-processor-3.0.2.jar:/home/yasuhisa/.m2/repository/org/springframework/boot/spring-boot-starter-actuator/3.0.2/spring-boot-starter-actuator-3.0.2.jar:/home/yasuhisa/.m2/repository/org/springframework/boot/spring-boot-actuator-autoconfigure/3.0.2/spring-boot-actuator-autoconfigure-3.0.2.jar:/home/yasuhisa/.m2/repository/org/springframework/boot/spring-boot-actuator/3.0.2/spring-boot-actuator-3.0.2.jar:/home/yasuhisa/.m2/repository/io/micrometer/micrometer-observation/1.10.3/micrometer-observation-1.10.3.jar:/home/yasuhisa/.m2/repository/io/micrometer/micrometer-commons/1.10.3/micrometer-commons-1.10.3.jar:/home/yasuhisa/.m2/repository/io/micrometer/micrometer-core/1.10.3/micrometer-core-1.10.3.jar:/home/yasuhisa/.m2/repository/org/hdrhistogram/HdrHistogram/2.1.12/HdrHistogram-2.1.12.jar:/home/yasuhisa/.m2/repository/org/latencyutils/LatencyUtils/2.0.3/LatencyUtils-2.0.3.jar:/home/yasuhisa/.m2/repository/org/springframework/boot/spring-boot-starter-cache/3.0.2/spring-boot-starter-cache-3.0.2.jar:/home/yasuhisa/.m2/repository/org/springframework/spring-context-support/6.0.4/spring-context-support-6.0.4.jar:/home/yasuhisa/.m2/repository/org/springframework/boot/spring-boot-starter-data-jpa/3.0.2/spring-boot-starter-data-jpa-3.0.2.jar:/home/yasuhisa/.m2/repository/org/springframework/boot/spring-boot-starter-aop/3.0.2/spring-boot-starter-aop-3.0.2.jar:/home/yasuhisa/.m2/repository/org/springframework/boot/spring-boot-starter-jdbc/3.0.2/spring-boot-starter-jdbc-3.0.2.jar:/home/yasuhisa/.m2/repository/com/zaxxer/HikariCP/5.0.1/HikariCP-5.0.1.jar:/home/yasuhisa/.m2/repository/org/springframework/spring-jdbc/6.0.4/spring-jdbc-6.0.4.jar:/home/yasuhisa/.m2/repository/org/hibernate/orm/hibernate-core/6.1.6.Final/hibernate-core-6.1.6.Final.jar:/home/yasuhisa/.m2/repository/jakarta/persistence/jakarta.persistence-api/3.1.0/jakarta.persistence-api-3.1.0.jar:/home/yasuhisa/.m2/repository/jakarta/transaction/jakarta.transaction-api/2.0.1/jakarta.transaction-api-2.0.1.jar:/home/yasuhisa/.m2/repository/org/jboss/logging/jboss-logging/3.5.0.Final/jboss-logging-3.5.0.Final.jar:/home/yasuhisa/.m2/repository/org/hibernate/common/hibernate-commons-annotations/6.0.2.Final/hibernate-commons-annotations-6.0.2.Final.jar:/home/yasuhisa/.m2/repository/org/jboss/jandex/2.4.2.Final/jandex-2.4.2.Final.jar:/home/yasuhisa/.m2/repository/com/fasterxml/classmate/1.5.1/classmate-1.5.1.jar:/home/yasuhisa/.m2/repository/net/bytebuddy/byte-buddy/1.12.22/byte-buddy-1.12.22.jar:/home/yasuhisa/.m2/repository/org/glassfish/jaxb/jaxb-runtime/4.0.1/jaxb-runtime-4.0.1.jar:/home/yasuhisa/.m2/repository/org/glassfish/jaxb/jaxb-core/4.0.1/jaxb-core-4.0.1.jar:/home/yasuhisa/.m2/repository/org/eclipse/angus/angus-activation/1.0.0/angus-activation-1.0.0.jar:/home/yasuhisa/.m2/repository/org/glassfish/jaxb/txw2/4.0.1/txw2-4.0.1.jar:/home/yasuhisa/.m2/repository/com/sun/istack/istack-commons-runtime/4.1.1/istack-commons-runtime-4.1.1.jar:/home/yasuhisa/.m2/repository/jakarta/inject/jakarta.inject-api/2.0.0/jakarta.inject-api-2.0.0.jar:/home/yasuhisa/.m2/repository/org/antlr/antlr4-runtime/4.10.1/antlr4-runtime-4.10.1.jar:/home/yasuhisa/.m2/repository/org/springframework/data/spring-data-jpa/3.0.1/spring-data-jpa-3.0.1.jar:/home/yasuhisa/.m2/repository/org/springframework/data/spring-data-commons/3.0.1/spring-data-commons-3.0.1.jar:/home/yasuhisa/.m2/repository/org/springframework/spring-orm/6.0.4/spring-orm-6.0.4.jar:/home/yasuhisa/.m2/repository/org/springframework/spring-tx/6.0.4/spring-tx-6.0.4.jar:/home/yasuhisa/.m2/repository/org/slf4j/slf4j-api/2.0.6/slf4j-api-2.0.6.jar:/home/yasuhisa/.m2/repository/org/springframework/spring-aspects/6.0.4/spring-aspects-6.0.4.jar:/home/yasuhisa/.m2/repository/org/springframework/boot/spring-boot-starter-test/3.0.2/spring-boot-starter-test-3.0.2.jar:/home/yasuhisa/.m2/repository/org/springframework/boot/spring-boot-test/3.0.2/spring-boot-test-3.0.2.jar:/home/yasuhisa/.m2/repository/org/springframework/boot/spring-boot-test-autoconfigure/3.0.2/spring-boot-test-autoconfigure-3.0.2.jar:/home/yasuhisa/.m2/repository/com/jayway/jsonpath/json-path/2.7.0/json-path-2.7.0.jar:/home/yasuhisa/.m2/repository/net/minidev/json-smart/2.4.8/json-smart-2.4.8.jar:/home/yasuhisa/.m2/repository/net/minidev/accessors-smart/2.4.8/accessors-smart-2.4.8.jar:/home/yasuhisa/.m2/repository/org/ow2/asm/asm/9.1/asm-9.1.jar:/home/yasuhisa/.m2/repository/org/assertj/assertj-core/3.17.1/assertj-core-3.17.1.jar:/home/yasuhisa/.m2/repository/org/hamcrest/hamcrest/2.2/hamcrest-2.2.jar:/home/yasuhisa/.m2/repository/org/junit/jupiter/junit-jupiter/5.9.2/junit-jupiter-5.9.2.jar:/home/yasuhisa/.m2/repository/org/junit/jupiter/junit-jupiter-params/5.9.2/junit-jupiter-params-5.9.2.jar:/home/yasuhisa/.m2/repository/org/mockito/mockito-core/4.8.1/mockito-core-4.8.1.jar:/home/yasuhisa/.m2/repository/net/bytebuddy/byte-buddy-agent/1.12.22/byte-buddy-agent-1.12.22.jar:/home/yasuhisa/.m2/repository/org/objenesis/objenesis/3.2/objenesis-3.2.jar:/home/yasuhisa/.m2/repository/org/mockito/mockito-junit-jupiter/4.8.1/mockito-junit-jupiter-4.8.1.jar:/home/yasuhisa/.m2/repository/org/skyscreamer/jsonassert/1.5.1/jsonassert-1.5.1.jar:/home/yasuhisa/.m2/repository/com/vaadin/external/google/android-json/0.0.20131108.vaadin1/android-json-0.0.20131108.vaadin1.jar:/home/yasuhisa/.m2/repository/org/springframework/spring-core/6.0.4/spring-core-6.0.4.jar:/home/yasuhisa/.m2/repository/org/springframework/spring-jcl/6.0.4/spring-jcl-6.0.4.jar:/home/yasuhisa/.m2/repository/org/springframework/spring-test/6.0.4/spring-test-6.0.4.jar:/home/yasuhisa/.m2/repository/org/xmlunit/xmlunit-core/2.9.1/xmlunit-core-2.9.1.jar:/home/yasuhisa/.m2/repository/org/springframework/cloud/spring-cloud-starter-config/4.0.1/spring-cloud-starter-config-4.0.1.jar:/home/yasuhisa/.m2/repository/org/springframework/cloud/spring-cloud-starter/4.0.1/spring-cloud-starter-4.0.1.jar:/home/yasuhisa/.m2/repository/org/springframework/cloud/spring-cloud-context/4.0.1/spring-cloud-context-4.0.1.jar:/home/yasuhisa/.m2/repository/org/springframework/security/spring-security-crypto/6.0.1/spring-security-crypto-6.0.1.jar:/home/yasuhisa/.m2/repository/org/springframework/cloud/spring-cloud-commons/4.0.1/spring-cloud-commons-4.0.1.jar:/home/yasuhisa/.m2/repository/org/springframework/security/spring-security-rsa/1.0.11.RELEASE/spring-security-rsa-1.0.11.RELEASE.jar:/home/yasuhisa/.m2/repository/org/bouncycastle/bcpkix-jdk15on/1.69/bcpkix-jdk15on-1.69.jar:/home/yasuhisa/.m2/repository/org/bouncycastle/bcprov-jdk15on/1.69/bcprov-jdk15on-1.69.jar:/home/yasuhisa/.m2/repository/org/bouncycastle/bcutil-jdk15on/1.69/bcutil-jdk15on-1.69.jar:/home/yasuhisa/.m2/repository/org/springframework/cloud/spring-cloud-config-client/4.0.1/spring-cloud-config-client-4.0.1.jar:/home/yasuhisa/.m2/repository/com/fasterxml/jackson/core/jackson-annotations/2.14.1/jackson-annotations-2.14.1.jar:/home/yasuhisa/.m2/repository/org/apache/httpcomponents/client5/httpclient5/5.1.4/httpclient5-5.1.4.jar:/home/yasuhisa/.m2/repository/org/apache/httpcomponents/core5/httpcore5/5.1.5/httpcore5-5.1.5.jar:/home/yasuhisa/.m2/repository/org/apache/httpcomponents/core5/httpcore5-h2/5.1.5/httpcore5-h2-5.1.5.jar:/home/yasuhisa/.m2/repository/commons-codec/commons-codec/1.15/commons-codec-1.15.jar:/home/yasuhisa/.m2/repository/com/fasterxml/jackson/core/jackson-databind/2.14.1/jackson-databind-2.14.1.jar:/home/yasuhisa/.m2/repository/com/fasterxml/jackson/core/jackson-core/2.14.1/jackson-core-2.14.1.jar:/home/yasuhisa/.m2/repository/org/springframework/cloud/spring-cloud-starter-netflix-eureka-client/4.0.0/spring-cloud-starter-netflix-eureka-client-4.0.0.jar:/home/yasuhisa/.m2/repository/org/springframework/cloud/spring-cloud-netflix-eureka-client/4.0.0/spring-cloud-netflix-eureka-client-4.0.0.jar:/home/yasuhisa/.m2/repository/com/netflix/eureka/eureka-client/2.0.0/eureka-client-2.0.0.jar:/home/yasuhisa/.m2/repository/com/netflix/netflix-commons/netflix-eventbus/0.3.0/netflix-eventbus-0.3.0.jar:/home/yasuhisa/.m2/repository/com/netflix/netflix-commons/netflix-infix/0.3.0/netflix-infix-0.3.0.jar:/home/yasuhisa/.m2/repository/commons-jxpath/commons-jxpath/1.3/commons-jxpath-1.3.jar:/home/yasuhisa/.m2/repository/joda-time/joda-time/2.3/joda-time-2.3.jar:/home/yasuhisa/.m2/repository/org/antlr/antlr-runtime/3.4/antlr-runtime-3.4.jar:/home/yasuhisa/.m2/repository/org/antlr/stringtemplate/3.2.1/stringtemplate-3.2.1.jar:/home/yasuhisa/.m2/repository/antlr/antlr/2.7.7/antlr-2.7.7.jar:/home/yasuhisa/.m2/repository/com/google/code/gson/gson/2.9.1/gson-2.9.1.jar:/home/yasuhisa/.m2/repository/org/apache/commons/commons-math/2.2/commons-math-2.2.jar:/home/yasuhisa/.m2/repository/com/thoughtworks/xstream/xstream/1.4.19/xstream-1.4.19.jar:/home/yasuhisa/.m2/repository/io/github/x-stream/mxparser/1.2.2/mxparser-1.2.2.jar:/home/yasuhisa/.m2/repository/xmlpull/xmlpull/1.1.3.1/xmlpull-1.1.3.1.jar:/home/yasuhisa/.m2/repository/jakarta/ws/rs/jakarta.ws.rs-api/3.1.0/jakarta.ws.rs-api-3.1.0.jar:/home/yasuhisa/.m2/repository/com/netflix/servo/servo-core/0.12.21/servo-core-0.12.21.jar:/home/yasuhisa/.m2/repository/com/google/guava/guava/19.0/guava-19.0.jar:/home/yasuhisa/.m2/repository/org/apache/httpcomponents/httpclient/4.5.14/httpclient-4.5.14.jar:/home/yasuhisa/.m2/repository/org/apache/httpcomponents/httpcore/4.4.16/httpcore-4.4.16.jar:/home/yasuhisa/.m2/repository/commons-configuration/commons-configuration/1.10/commons-configuration-1.10.jar:/home/yasuhisa/.m2/repository/commons-lang/commons-lang/2.6/commons-lang-2.6.jar:/home/yasuhisa/.m2/repository/org/codehaus/jettison/jettison/1.4.0/jettison-1.4.0.jar:/home/yasuhisa/.m2/repository/com/netflix/eureka/eureka-core/2.0.0/eureka-core-2.0.0.jar:/home/yasuhisa/.m2/repository/jakarta/servlet/jakarta.servlet-api/6.0.0/jakarta.servlet-api-6.0.0.jar:/home/yasuhisa/.m2/repository/com/fasterxml/woodstox/woodstox-core/6.2.1/woodstox-core-6.2.1.jar:/home/yasuhisa/.m2/repository/org/codehaus/woodstox/stax2-api/4.2.1/stax2-api-4.2.1.jar:/home/yasuhisa/.m2/repository/org/springframework/cloud/spring-cloud-starter-loadbalancer/4.0.1/spring-cloud-starter-loadbalancer-4.0.1.jar:/home/yasuhisa/.m2/repository/org/springframework/cloud/spring-cloud-loadbalancer/4.0.1/spring-cloud-loadbalancer-4.0.1.jar:/home/yasuhisa/.m2/repository/io/projectreactor/reactor-core/3.5.2/reactor-core-3.5.2.jar:/home/yasuhisa/.m2/repository/org/reactivestreams/reactive-streams/1.0.4/reactive-streams-1.0.4.jar:/home/yasuhisa/.m2/repository/io/projectreactor/addons/reactor-extra/3.5.0/reactor-extra-3.5.0.jar:/home/yasuhisa/.m2/repository/com/stoyanr/evictor/1.0.0/evictor-1.0.0.jar:/home/yasuhisa/.m2/repository/org/projectlombok/lombok/1.18.24/lombok-1.18.24.jar:/home/yasuhisa/.m2/repository/javax/cache/cache-api/1.1.1/cache-api-1.1.1.jar:/home/yasuhisa/.m2/repository/jakarta/xml/bind/jakarta.xml.bind-api/4.0.0/jakarta.xml.bind-api-4.0.0.jar:/home/yasuhisa/.m2/repository/jakarta/activation/jakarta.activation-api/2.1.1/jakarta.activation-api-2.1.1.jar:/home/yasuhisa/.m2/repository/com/github/ben-manes/caffeine/caffeine/3.1.2/caffeine-3.1.2.jar:/home/yasuhisa/.m2/repository/org/checkerframework/checker-qual/3.27.0/checker-qual-3.27.0.jar:/home/yasuhisa/.m2/repository/com/google/errorprone/error_prone_annotations/2.16/error_prone_annotations-2.16.jar:/home/yasuhisa/.m2/repository/org/jolokia/jolokia-core/1.7.1/jolokia-core-1.7.1.jar:/home/yasuhisa/.m2/repository/com/googlecode/json-simple/json-simple/1.1.1/json-simple-1.1.1.jar:/home/yasuhisa/.m2/repository/org/hsqldb/hsqldb/2.7.1/hsqldb-2.7.1.jar:/home/yasuhisa/.m2/repository/com/mysql/mysql-connector-j/8.0.32/mysql-connector-j-8.0.32.jar:/home/yasuhisa/.m2/repository/io/micrometer/micrometer-registry-prometheus/1.10.3/micrometer-registry-prometheus-1.10.3.jar:/home/yasuhisa/.m2/repository/io/prometheus/simpleclient_common/0.16.0/simpleclient_common-0.16.0.jar:/home/yasuhisa/.m2/repository/io/prometheus/simpleclient/0.16.0/simpleclient-0.16.0.jar:/home/yasuhisa/.m2/repository/io/prometheus/simpleclient_tracer_otel/0.16.0/simpleclient_tracer_otel-0.16.0.jar:/home/yasuhisa/.m2/repository/io/prometheus/simpleclient_tracer_common/0.16.0/simpleclient_tracer_common-0.16.0.jar:/home/yasuhisa/.m2/repository/io/prometheus/simpleclient_tracer_otel_agent/0.16.0/simpleclient_tracer_otel_agent-0.16.0.jar:/home/yasuhisa/.m2/repository/de/codecentric/chaos-monkey-spring-boot/2.3.10/chaos-monkey-spring-boot-2.3.10.jar:/home/yasuhisa/.m2/repository/org/springframework/spring-instrument/6.0.4/spring-instrument-6.0.4.jar:/home/yasuhisa/.m2/repository/org/aspectj/aspectjweaver/1.9.19/aspectjweaver-1.9.19.jar:/home/yasuhisa/.m2/repository/org/springframework/boot/spring-boot-starter-validation/3.0.2/spring-boot-starter-validation-3.0.2.jar:/home/yasuhisa/.m2/repository/org/hibernate/validator/hibernate-validator/8.0.0.Final/hibernate-validator-8.0.0.Final.jar:/home/yasuhisa/.m2/repository/jakarta/validation/jakarta.validation-api/3.0.2/jakarta.validation-api-3.0.2.jar:/home/yasuhisa/.m2/repository/io/opentelemetry/opentelemetry-exporter-zipkin/1.19.0/opentelemetry-exporter-zipkin-1.19.0.jar:/home/yasuhisa/.m2/repository/io/opentelemetry/opentelemetry-sdk/1.19.0/opentelemetry-sdk-1.19.0.jar:/home/yasuhisa/.m2/repository/io/opentelemetry/opentelemetry-api/1.19.0/opentelemetry-api-1.19.0.jar:/home/yasuhisa/.m2/repository/io/opentelemetry/opentelemetry-context/1.19.0/opentelemetry-context-1.19.0.jar:/home/yasuhisa/.m2/repository/io/opentelemetry/opentelemetry-sdk-common/1.19.0/opentelemetry-sdk-common-1.19.0.jar:/home/yasuhisa/.m2/repository/io/opentelemetry/opentelemetry-sdk-trace/1.19.0/opentelemetry-sdk-trace-1.19.0.jar:/home/yasuhisa/.m2/repository/io/opentelemetry/opentelemetry-sdk-metrics/1.19.0/opentelemetry-sdk-metrics-1.19.0.jar:/home/yasuhisa/.m2/repository/io/opentelemetry/opentelemetry-sdk-logs/1.19.0-alpha/opentelemetry-sdk-logs-1.19.0-alpha.jar:/home/yasuhisa/.m2/repository/io/opentelemetry/opentelemetry-api-logs/1.19.0-alpha/opentelemetry-api-logs-1.19.0-alpha.jar:/home/yasuhisa/.m2/repository/io/zipkin/reporter2/zipkin-reporter/2.16.3/zipkin-reporter-2.16.3.jar:/home/yasuhisa/.m2/repository/io/zipkin/zipkin2/zipkin/2.23.2/zipkin-2.23.2.jar:/home/yasuhisa/.m2/repository/io/opentelemetry/opentelemetry-exporter-common/1.19.0/opentelemetry-exporter-common-1.19.0.jar:/home/yasuhisa/.m2/repository/io/opentelemetry/opentelemetry-semconv/1.19.0-alpha/opentelemetry-semconv-1.19.0-alpha.jar:/home/yasuhisa/.m2/repository/io/zipkin/reporter2/zipkin-sender-okhttp3/2.16.3/zipkin-sender-okhttp3-2.16.3.jar:/home/yasuhisa/.m2/repository/com/squareup/okhttp3/okhttp/4.10.0/okhttp-4.10.0.jar:/home/yasuhisa/.m2/repository/com/squareup/okio/okio-jvm/3.0.0/okio-jvm-3.0.0.jar:/home/yasuhisa/.m2/repository/org/jetbrains/kotlin/kotlin-stdlib-jdk8/1.7.22/kotlin-stdlib-jdk8-1.7.22.jar:/home/yasuhisa/.m2/repository/org/jetbrains/kotlin/kotlin-stdlib-jdk7/1.7.22/kotlin-stdlib-jdk7-1.7.22.jar:/home/yasuhisa/.m2/repository/org/jetbrains/kotlin/kotlin-stdlib-common/1.7.22/kotlin-stdlib-common-1.7.22.jar:/home/yasuhisa/.m2/repository/org/jetbrains/kotlin/kotlin-stdlib/1.7.22/kotlin-stdlib-1.7.22.jar:/home/yasuhisa/.m2/repository/org/jetbrains/annotations/13.0/annotations-13.0.jar:/home/yasuhisa/.m2/repository/org/junit/jupiter/junit-jupiter-api/5.9.2/junit-jupiter-api-5.9.2.jar:/home/yasuhisa/.m2/repository/org/opentest4j/opentest4j/1.2.0/opentest4j-1.2.0.jar:/home/yasuhisa/.m2/repository/org/junit/platform/junit-platform-commons/1.9.2/junit-platform-commons-1.9.2.jar:/home/yasuhisa/.m2/repository/org/apiguardian/apiguardian-api/1.1.2/apiguardian-api-1.1.2.jar:/home/yasuhisa/.m2/repository/org/junit/jupiter/junit-jupiter-engine/5.9.2/junit-jupiter-engine-5.9.2.jar:/home/yasuhisa/.m2/repository/org/junit/platform/junit-platform-engine/1.9.2/junit-platform-engine-1.9.2.jar:"/>
    <property name="git.branch" value="master"/>
    <property name="git.build.host" value="WP21015"/>
    <property name="java.vm.vendor" value="Private Build"/>
    <property name="sun.arch.data.model" value="64"/>
    <property name="git.commit.id" value="99e6e54791cd14c20316f9f7567acee3064830f3"/>
    <property name="java.vendor.url" value="Unknown"/>
    <property name="java.vm.specification.version" value="17"/>
    <property name="os.name" value="Linux"/>
    <property name="git.commit.author.time" value="2023-02-05T03:21:26+0900"/>
    <property name="sun.java.launcher" value="SUN_STANDARD"/>
    <property name="git.build.user.name" value="Hayato Yasuhisa"/>
    <property name="sun.boot.library.path" value="/usr/lib/jvm/java-17-openjdk-amd64/lib"/>
    <property name="sun.java.command" value="/home/yasuhisa/Repository/spring-petclinic-microservices/spring-petclinic-vets-service/target/surefire/surefirebooter7603142588090875704.jar /home/yasuhisa/Repository/spring-petclinic-microservices/spring-petclinic-vets-service/target/surefire 2023-05-10T13-55-41_046-jvmRun1 surefire16975439056833544313tmp surefire_13844572562856128561tmp"/>
    <property name="jdk.debug" value="release"/>
    <property name="surefire.test.class.path" value="/home/yasuhisa/Repository/spring-petclinic-microservices/spring-petclinic-vets-service/target/test-classes:/home/yasuhisa/Repository/spring-petclinic-microservices/spring-petclinic-vets-service/target/classes:/home/yasuhisa/.m2/repository/org/springframework/boot/spring-boot-starter-web/3.0.2/spring-boot-starter-web-3.0.2.jar:/home/yasuhisa/.m2/repository/org/springframework/boot/spring-boot-starter/3.0.2/spring-boot-starter-3.0.2.jar:/home/yasuhisa/.m2/repository/org/springframework/boot/spring-boot/3.0.2/spring-boot-3.0.2.jar:/home/yasuhisa/.m2/repository/org/springframework/boot/spring-boot-autoconfigure/3.0.2/spring-boot-autoconfigure-3.0.2.jar:/home/yasuhisa/.m2/repository/org/springframework/boot/spring-boot-starter-logging/3.0.2/spring-boot-starter-logging-3.0.2.jar:/home/yasuhisa/.m2/repository/ch/qos/logback/logback-classic/1.4.5/logback-classic-1.4.5.jar:/home/yasuhisa/.m2/repository/ch/qos/logback/logback-core/1.4.5/logback-core-1.4.5.jar:/home/yasuhisa/.m2/repository/org/apache/logging/log4j/log4j-to-slf4j/2.19.0/log4j-to-slf4j-2.19.0.jar:/home/yasuhisa/.m2/repository/org/apache/logging/log4j/log4j-api/2.19.0/log4j-api-2.19.0.jar:/home/yasuhisa/.m2/repository/org/slf4j/jul-to-slf4j/2.0.6/jul-to-slf4j-2.0.6.jar:/home/yasuhisa/.m2/repository/jakarta/annotation/jakarta.annotation-api/2.1.1/jakarta.annotation-api-2.1.1.jar:/home/yasuhisa/.m2/repository/org/yaml/snakeyaml/1.33/snakeyaml-1.33.jar:/home/yasuhisa/.m2/repository/org/springframework/boot/spring-boot-starter-json/3.0.2/spring-boot-starter-json-3.0.2.jar:/home/yasuhisa/.m2/repository/com/fasterxml/jackson/datatype/jackson-datatype-jdk8/2.14.1/jackson-datatype-jdk8-2.14.1.jar:/home/yasuhisa/.m2/repository/com/fasterxml/jackson/datatype/jackson-datatype-jsr310/2.14.1/jackson-datatype-jsr310-2.14.1.jar:/home/yasuhisa/.m2/repository/com/fasterxml/jackson/module/jackson-module-parameter-names/2.14.1/jackson-module-parameter-names-2.14.1.jar:/home/yasuhisa/.m2/repository/org/springframework/boot/spring-boot-starter-tomcat/3.0.2/spring-boot-starter-tomcat-3.0.2.jar:/home/yasuhisa/.m2/repository/org/apache/tomcat/embed/tomcat-embed-core/10.1.5/tomcat-embed-core-10.1.5.jar:/home/yasuhisa/.m2/repository/org/apache/tomcat/embed/tomcat-embed-el/10.1.5/tomcat-embed-el-10.1.5.jar:/home/yasuhisa/.m2/repository/org/apache/tomcat/embed/tomcat-embed-websocket/10.1.5/tomcat-embed-websocket-10.1.5.jar:/home/yasuhisa/.m2/repository/org/springframework/spring-web/6.0.4/spring-web-6.0.4.jar:/home/yasuhisa/.m2/repository/org/springframework/spring-beans/6.0.4/spring-beans-6.0.4.jar:/home/yasuhisa/.m2/repository/org/springframework/spring-webmvc/6.0.4/spring-webmvc-6.0.4.jar:/home/yasuhisa/.m2/repository/org/springframework/spring-aop/6.0.4/spring-aop-6.0.4.jar:/home/yasuhisa/.m2/repository/org/springframework/spring-context/6.0.4/spring-context-6.0.4.jar:/home/yasuhisa/.m2/repository/org/springframework/spring-expression/6.0.4/spring-expression-6.0.4.jar:/home/yasuhisa/.m2/repository/org/springframework/boot/spring-boot-configuration-processor/3.0.2/spring-boot-configuration-processor-3.0.2.jar:/home/yasuhisa/.m2/repository/org/springframework/boot/spring-boot-starter-actuator/3.0.2/spring-boot-starter-actuator-3.0.2.jar:/home/yasuhisa/.m2/repository/org/springframework/boot/spring-boot-actuator-autoconfigure/3.0.2/spring-boot-actuator-autoconfigure-3.0.2.jar:/home/yasuhisa/.m2/repository/org/springframework/boot/spring-boot-actuator/3.0.2/spring-boot-actuator-3.0.2.jar:/home/yasuhisa/.m2/repository/io/micrometer/micrometer-observation/1.10.3/micrometer-observation-1.10.3.jar:/home/yasuhisa/.m2/repository/io/micrometer/micrometer-commons/1.10.3/micrometer-commons-1.10.3.jar:/home/yasuhisa/.m2/repository/io/micrometer/micrometer-core/1.10.3/micrometer-core-1.10.3.jar:/home/yasuhisa/.m2/repository/org/hdrhistogram/HdrHistogram/2.1.12/HdrHistogram-2.1.12.jar:/home/yasuhisa/.m2/repository/org/latencyutils/LatencyUtils/2.0.3/LatencyUtils-2.0.3.jar:/home/yasuhisa/.m2/repository/org/springframework/boot/spring-boot-starter-cache/3.0.2/spring-boot-starter-cache-3.0.2.jar:/home/yasuhisa/.m2/repository/org/springframework/spring-context-support/6.0.4/spring-context-support-6.0.4.jar:/home/yasuhisa/.m2/repository/org/springframework/boot/spring-boot-starter-data-jpa/3.0.2/spring-boot-starter-data-jpa-3.0.2.jar:/home/yasuhisa/.m2/repository/org/springframework/boot/spring-boot-starter-aop/3.0.2/spring-boot-starter-aop-3.0.2.jar:/home/yasuhisa/.m2/repository/org/springframework/boot/spring-boot-starter-jdbc/3.0.2/spring-boot-starter-jdbc-3.0.2.jar:/home/yasuhisa/.m2/repository/com/zaxxer/HikariCP/5.0.1/HikariCP-5.0.1.jar:/home/yasuhisa/.m2/repository/org/springframework/spring-jdbc/6.0.4/spring-jdbc-6.0.4.jar:/home/yasuhisa/.m2/repository/org/hibernate/orm/hibernate-core/6.1.6.Final/hibernate-core-6.1.6.Final.jar:/home/yasuhisa/.m2/repository/jakarta/persistence/jakarta.persistence-api/3.1.0/jakarta.persistence-api-3.1.0.jar:/home/yasuhisa/.m2/repository/jakarta/transaction/jakarta.transaction-api/2.0.1/jakarta.transaction-api-2.0.1.jar:/home/yasuhisa/.m2/repository/org/jboss/logging/jboss-logging/3.5.0.Final/jboss-logging-3.5.0.Final.jar:/home/yasuhisa/.m2/repository/org/hibernate/common/hibernate-commons-annotations/6.0.2.Final/hibernate-commons-annotations-6.0.2.Final.jar:/home/yasuhisa/.m2/repository/org/jboss/jandex/2.4.2.Final/jandex-2.4.2.Final.jar:/home/yasuhisa/.m2/repository/com/fasterxml/classmate/1.5.1/classmate-1.5.1.jar:/home/yasuhisa/.m2/repository/net/bytebuddy/byte-buddy/1.12.22/byte-buddy-1.12.22.jar:/home/yasuhisa/.m2/repository/org/glassfish/jaxb/jaxb-runtime/4.0.1/jaxb-runtime-4.0.1.jar:/home/yasuhisa/.m2/repository/org/glassfish/jaxb/jaxb-core/4.0.1/jaxb-core-4.0.1.jar:/home/yasuhisa/.m2/repository/org/eclipse/angus/angus-activation/1.0.0/angus-activation-1.0.0.jar:/home/yasuhisa/.m2/repository/org/glassfish/jaxb/txw2/4.0.1/txw2-4.0.1.jar:/home/yasuhisa/.m2/repository/com/sun/istack/istack-commons-runtime/4.1.1/istack-commons-runtime-4.1.1.jar:/home/yasuhisa/.m2/repository/jakarta/inject/jakarta.inject-api/2.0.0/jakarta.inject-api-2.0.0.jar:/home/yasuhisa/.m2/repository/org/antlr/antlr4-runtime/4.10.1/antlr4-runtime-4.10.1.jar:/home/yasuhisa/.m2/repository/org/springframework/data/spring-data-jpa/3.0.1/spring-data-jpa-3.0.1.jar:/home/yasuhisa/.m2/repository/org/springframework/data/spring-data-commons/3.0.1/spring-data-commons-3.0.1.jar:/home/yasuhisa/.m2/repository/org/springframework/spring-orm/6.0.4/spring-orm-6.0.4.jar:/home/yasuhisa/.m2/repository/org/springframework/spring-tx/6.0.4/spring-tx-6.0.4.jar:/home/yasuhisa/.m2/repository/org/slf4j/slf4j-api/2.0.6/slf4j-api-2.0.6.jar:/home/yasuhisa/.m2/repository/org/springframework/spring-aspects/6.0.4/spring-aspects-6.0.4.jar:/home/yasuhisa/.m2/repository/org/springframework/boot/spring-boot-starter-test/3.0.2/spring-boot-starter-test-3.0.2.jar:/home/yasuhisa/.m2/repository/org/springframework/boot/spring-boot-test/3.0.2/spring-boot-test-3.0.2.jar:/home/yasuhisa/.m2/repository/org/springframework/boot/spring-boot-test-autoconfigure/3.0.2/spring-boot-test-autoconfigure-3.0.2.jar:/home/yasuhisa/.m2/repository/com/jayway/jsonpath/json-path/2.7.0/json-path-2.7.0.jar:/home/yasuhisa/.m2/repository/net/minidev/json-smart/2.4.8/json-smart-2.4.8.jar:/home/yasuhisa/.m2/repository/net/minidev/accessors-smart/2.4.8/accessors-smart-2.4.8.jar:/home/yasuhisa/.m2/repository/org/ow2/asm/asm/9.1/asm-9.1.jar:/home/yasuhisa/.m2/repository/org/assertj/assertj-core/3.17.1/assertj-core-3.17.1.jar:/home/yasuhisa/.m2/repository/org/hamcrest/hamcrest/2.2/hamcrest-2.2.jar:/home/yasuhisa/.m2/repository/org/junit/jupiter/junit-jupiter/5.9.2/junit-jupiter-5.9.2.jar:/home/yasuhisa/.m2/repository/org/junit/jupiter/junit-jupiter-params/5.9.2/junit-jupiter-params-5.9.2.jar:/home/yasuhisa/.m2/repository/org/mockito/mockito-core/4.8.1/mockito-core-4.8.1.jar:/home/yasuhisa/.m2/repository/net/bytebuddy/byte-buddy-agent/1.12.22/byte-buddy-agent-1.12.22.jar:/home/yasuhisa/.m2/repository/org/objenesis/objenesis/3.2/objenesis-3.2.jar:/home/yasuhisa/.m2/repository/org/mockito/mockito-junit-jupiter/4.8.1/mockito-junit-jupiter-4.8.1.jar:/home/yasuhisa/.m2/repository/org/skyscreamer/jsonassert/1.5.1/jsonassert-1.5.1.jar:/home/yasuhisa/.m2/repository/com/vaadin/external/google/android-json/0.0.20131108.vaadin1/android-json-0.0.20131108.vaadin1.jar:/home/yasuhisa/.m2/repository/org/springframework/spring-core/6.0.4/spring-core-6.0.4.jar:/home/yasuhisa/.m2/repository/org/springframework/spring-jcl/6.0.4/spring-jcl-6.0.4.jar:/home/yasuhisa/.m2/repository/org/springframework/spring-test/6.0.4/spring-test-6.0.4.jar:/home/yasuhisa/.m2/repository/org/xmlunit/xmlunit-core/2.9.1/xmlunit-core-2.9.1.jar:/home/yasuhisa/.m2/repository/org/springframework/cloud/spring-cloud-starter-config/4.0.1/spring-cloud-starter-config-4.0.1.jar:/home/yasuhisa/.m2/repository/org/springframework/cloud/spring-cloud-starter/4.0.1/spring-cloud-starter-4.0.1.jar:/home/yasuhisa/.m2/repository/org/springframework/cloud/spring-cloud-context/4.0.1/spring-cloud-context-4.0.1.jar:/home/yasuhisa/.m2/repository/org/springframework/security/spring-security-crypto/6.0.1/spring-security-crypto-6.0.1.jar:/home/yasuhisa/.m2/repository/org/springframework/cloud/spring-cloud-commons/4.0.1/spring-cloud-commons-4.0.1.jar:/home/yasuhisa/.m2/repository/org/springframework/security/spring-security-rsa/1.0.11.RELEASE/spring-security-rsa-1.0.11.RELEASE.jar:/home/yasuhisa/.m2/repository/org/bouncycastle/bcpkix-jdk15on/1.69/bcpkix-jdk15on-1.69.jar:/home/yasuhisa/.m2/repository/org/bouncycastle/bcprov-jdk15on/1.69/bcprov-jdk15on-1.69.jar:/home/yasuhisa/.m2/repository/org/bouncycastle/bcutil-jdk15on/1.69/bcutil-jdk15on-1.69.jar:/home/yasuhisa/.m2/repository/org/springframework/cloud/spring-cloud-config-client/4.0.1/spring-cloud-config-client-4.0.1.jar:/home/yasuhisa/.m2/repository/com/fasterxml/jackson/core/jackson-annotations/2.14.1/jackson-annotations-2.14.1.jar:/home/yasuhisa/.m2/repository/org/apache/httpcomponents/client5/httpclient5/5.1.4/httpclient5-5.1.4.jar:/home/yasuhisa/.m2/repository/org/apache/httpcomponents/core5/httpcore5/5.1.5/httpcore5-5.1.5.jar:/home/yasuhisa/.m2/repository/org/apache/httpcomponents/core5/httpcore5-h2/5.1.5/httpcore5-h2-5.1.5.jar:/home/yasuhisa/.m2/repository/commons-codec/commons-codec/1.15/commons-codec-1.15.jar:/home/yasuhisa/.m2/repository/com/fasterxml/jackson/core/jackson-databind/2.14.1/jackson-databind-2.14.1.jar:/home/yasuhisa/.m2/repository/com/fasterxml/jackson/core/jackson-core/2.14.1/jackson-core-2.14.1.jar:/home/yasuhisa/.m2/repository/org/springframework/cloud/spring-cloud-starter-netflix-eureka-client/4.0.0/spring-cloud-starter-netflix-eureka-client-4.0.0.jar:/home/yasuhisa/.m2/repository/org/springframework/cloud/spring-cloud-netflix-eureka-client/4.0.0/spring-cloud-netflix-eureka-client-4.0.0.jar:/home/yasuhisa/.m2/repository/com/netflix/eureka/eureka-client/2.0.0/eureka-client-2.0.0.jar:/home/yasuhisa/.m2/repository/com/netflix/netflix-commons/netflix-eventbus/0.3.0/netflix-eventbus-0.3.0.jar:/home/yasuhisa/.m2/repository/com/netflix/netflix-commons/netflix-infix/0.3.0/netflix-infix-0.3.0.jar:/home/yasuhisa/.m2/repository/commons-jxpath/commons-jxpath/1.3/commons-jxpath-1.3.jar:/home/yasuhisa/.m2/repository/joda-time/joda-time/2.3/joda-time-2.3.jar:/home/yasuhisa/.m2/repository/org/antlr/antlr-runtime/3.4/antlr-runtime-3.4.jar:/home/yasuhisa/.m2/repository/org/antlr/stringtemplate/3.2.1/stringtemplate-3.2.1.jar:/home/yasuhisa/.m2/repository/antlr/antlr/2.7.7/antlr-2.7.7.jar:/home/yasuhisa/.m2/repository/com/google/code/gson/gson/2.9.1/gson-2.9.1.jar:/home/yasuhisa/.m2/repository/org/apache/commons/commons-math/2.2/commons-math-2.2.jar:/home/yasuhisa/.m2/repository/com/thoughtworks/xstream/xstream/1.4.19/xstream-1.4.19.jar:/home/yasuhisa/.m2/repository/io/github/x-stream/mxparser/1.2.2/mxparser-1.2.2.jar:/home/yasuhisa/.m2/repository/xmlpull/xmlpull/1.1.3.1/xmlpull-1.1.3.1.jar:/home/yasuhisa/.m2/repository/jakarta/ws/rs/jakarta.ws.rs-api/3.1.0/jakarta.ws.rs-api-3.1.0.jar:/home/yasuhisa/.m2/repository/com/netflix/servo/servo-core/0.12.21/servo-core-0.12.21.jar:/home/yasuhisa/.m2/repository/com/google/guava/guava/19.0/guava-19.0.jar:/home/yasuhisa/.m2/repository/org/apache/httpcomponents/httpclient/4.5.14/httpclient-4.5.14.jar:/home/yasuhisa/.m2/repository/org/apache/httpcomponents/httpcore/4.4.16/httpcore-4.4.16.jar:/home/yasuhisa/.m2/repository/commons-configuration/commons-configuration/1.10/commons-configuration-1.10.jar:/home/yasuhisa/.m2/repository/commons-lang/commons-lang/2.6/commons-lang-2.6.jar:/home/yasuhisa/.m2/repository/org/codehaus/jettison/jettison/1.4.0/jettison-1.4.0.jar:/home/yasuhisa/.m2/repository/com/netflix/eureka/eureka-core/2.0.0/eureka-core-2.0.0.jar:/home/yasuhisa/.m2/repository/jakarta/servlet/jakarta.servlet-api/6.0.0/jakarta.servlet-api-6.0.0.jar:/home/yasuhisa/.m2/repository/com/fasterxml/woodstox/woodstox-core/6.2.1/woodstox-core-6.2.1.jar:/home/yasuhisa/.m2/repository/org/codehaus/woodstox/stax2-api/4.2.1/stax2-api-4.2.1.jar:/home/yasuhisa/.m2/repository/org/springframework/cloud/spring-cloud-starter-loadbalancer/4.0.1/spring-cloud-starter-loadbalancer-4.0.1.jar:/home/yasuhisa/.m2/repository/org/springframework/cloud/spring-cloud-loadbalancer/4.0.1/spring-cloud-loadbalancer-4.0.1.jar:/home/yasuhisa/.m2/repository/io/projectreactor/reactor-core/3.5.2/reactor-core-3.5.2.jar:/home/yasuhisa/.m2/repository/org/reactivestreams/reactive-streams/1.0.4/reactive-streams-1.0.4.jar:/home/yasuhisa/.m2/repository/io/projectreactor/addons/reactor-extra/3.5.0/reactor-extra-3.5.0.jar:/home/yasuhisa/.m2/repository/com/stoyanr/evictor/1.0.0/evictor-1.0.0.jar:/home/yasuhisa/.m2/repository/org/projectlombok/lombok/1.18.24/lombok-1.18.24.jar:/home/yasuhisa/.m2/repository/javax/cache/cache-api/1.1.1/cache-api-1.1.1.jar:/home/yasuhisa/.m2/repository/jakarta/xml/bind/jakarta.xml.bind-api/4.0.0/jakarta.xml.bind-api-4.0.0.jar:/home/yasuhisa/.m2/repository/jakarta/activation/jakarta.activation-api/2.1.1/jakarta.activation-api-2.1.1.jar:/home/yasuhisa/.m2/repository/com/github/ben-manes/caffeine/caffeine/3.1.2/caffeine-3.1.2.jar:/home/yasuhisa/.m2/repository/org/checkerframework/checker-qual/3.27.0/checker-qual-3.27.0.jar:/home/yasuhisa/.m2/repository/com/google/errorprone/error_prone_annotations/2.16/error_prone_annotations-2.16.jar:/home/yasuhisa/.m2/repository/org/jolokia/jolokia-core/1.7.1/jolokia-core-1.7.1.jar:/home/yasuhisa/.m2/repository/com/googlecode/json-simple/json-simple/1.1.1/json-simple-1.1.1.jar:/home/yasuhisa/.m2/repository/org/hsqldb/hsqldb/2.7.1/hsqldb-2.7.1.jar:/home/yasuhisa/.m2/repository/com/mysql/mysql-connector-j/8.0.32/mysql-connector-j-8.0.32.jar:/home/yasuhisa/.m2/repository/io/micrometer/micrometer-registry-prometheus/1.10.3/micrometer-registry-prometheus-1.10.3.jar:/home/yasuhisa/.m2/repository/io/prometheus/simpleclient_common/0.16.0/simpleclient_common-0.16.0.jar:/home/yasuhisa/.m2/repository/io/prometheus/simpleclient/0.16.0/simpleclient-0.16.0.jar:/home/yasuhisa/.m2/repository/io/prometheus/simpleclient_tracer_otel/0.16.0/simpleclient_tracer_otel-0.16.0.jar:/home/yasuhisa/.m2/repository/io/prometheus/simpleclient_tracer_common/0.16.0/simpleclient_tracer_common-0.16.0.jar:/home/yasuhisa/.m2/repository/io/prometheus/simpleclient_tracer_otel_agent/0.16.0/simpleclient_tracer_otel_agent-0.16.0.jar:/home/yasuhisa/.m2/repository/de/codecentric/chaos-monkey-spring-boot/2.3.10/chaos-monkey-spring-boot-2.3.10.jar:/home/yasuhisa/.m2/repository/org/springframework/spring-instrument/6.0.4/spring-instrument-6.0.4.jar:/home/yasuhisa/.m2/repository/org/aspectj/aspectjweaver/1.9.19/aspectjweaver-1.9.19.jar:/home/yasuhisa/.m2/repository/org/springframework/boot/spring-boot-starter-validation/3.0.2/spring-boot-starter-validation-3.0.2.jar:/home/yasuhisa/.m2/repository/org/hibernate/validator/hibernate-validator/8.0.0.Final/hibernate-validator-8.0.0.Final.jar:/home/yasuhisa/.m2/repository/jakarta/validation/jakarta.validation-api/3.0.2/jakarta.validation-api-3.0.2.jar:/home/yasuhisa/.m2/repository/io/opentelemetry/opentelemetry-exporter-zipkin/1.19.0/opentelemetry-exporter-zipkin-1.19.0.jar:/home/yasuhisa/.m2/repository/io/opentelemetry/opentelemetry-sdk/1.19.0/opentelemetry-sdk-1.19.0.jar:/home/yasuhisa/.m2/repository/io/opentelemetry/opentelemetry-api/1.19.0/opentelemetry-api-1.19.0.jar:/home/yasuhisa/.m2/repository/io/opentelemetry/opentelemetry-context/1.19.0/opentelemetry-context-1.19.0.jar:/home/yasuhisa/.m2/repository/io/opentelemetry/opentelemetry-sdk-common/1.19.0/opentelemetry-sdk-common-1.19.0.jar:/home/yasuhisa/.m2/repository/io/opentelemetry/opentelemetry-sdk-trace/1.19.0/opentelemetry-sdk-trace-1.19.0.jar:/home/yasuhisa/.m2/repository/io/opentelemetry/opentelemetry-sdk-metrics/1.19.0/opentelemetry-sdk-metrics-1.19.0.jar:/home/yasuhisa/.m2/repository/io/opentelemetry/opentelemetry-sdk-logs/1.19.0-alpha/opentelemetry-sdk-logs-1.19.0-alpha.jar:/home/yasuhisa/.m2/repository/io/opentelemetry/opentelemetry-api-logs/1.19.0-alpha/opentelemetry-api-logs-1.19.0-alpha.jar:/home/yasuhisa/.m2/repository/io/zipkin/reporter2/zipkin-reporter/2.16.3/zipkin-reporter-2.16.3.jar:/home/yasuhisa/.m2/repository/io/zipkin/zipkin2/zipkin/2.23.2/zipkin-2.23.2.jar:/home/yasuhisa/.m2/repository/io/opentelemetry/opentelemetry-exporter-common/1.19.0/opentelemetry-exporter-common-1.19.0.jar:/home/yasuhisa/.m2/repository/io/opentelemetry/opentelemetry-semconv/1.19.0-alpha/opentelemetry-semconv-1.19.0-alpha.jar:/home/yasuhisa/.m2/repository/io/zipkin/reporter2/zipkin-sender-okhttp3/2.16.3/zipkin-sender-okhttp3-2.16.3.jar:/home/yasuhisa/.m2/repository/com/squareup/okhttp3/okhttp/4.10.0/okhttp-4.10.0.jar:/home/yasuhisa/.m2/repository/com/squareup/okio/okio-jvm/3.0.0/okio-jvm-3.0.0.jar:/home/yasuhisa/.m2/repository/org/jetbrains/kotlin/kotlin-stdlib-jdk8/1.7.22/kotlin-stdlib-jdk8-1.7.22.jar:/home/yasuhisa/.m2/repository/org/jetbrains/kotlin/kotlin-stdlib-jdk7/1.7.22/kotlin-stdlib-jdk7-1.7.22.jar:/home/yasuhisa/.m2/repository/org/jetbrains/kotlin/kotlin-stdlib-common/1.7.22/kotlin-stdlib-common-1.7.22.jar:/home/yasuhisa/.m2/repository/org/jetbrains/kotlin/kotlin-stdlib/1.7.22/kotlin-stdlib-1.7.22.jar:/home/yasuhisa/.m2/repository/org/jetbrains/annotations/13.0/annotations-13.0.jar:/home/yasuhisa/.m2/repository/org/junit/jupiter/junit-jupiter-api/5.9.2/junit-jupiter-api-5.9.2.jar:/home/yasuhisa/.m2/repository/org/opentest4j/opentest4j/1.2.0/opentest4j-1.2.0.jar:/home/yasuhisa/.m2/repository/org/junit/platform/junit-platform-commons/1.9.2/junit-platform-commons-1.9.2.jar:/home/yasuhisa/.m2/repository/org/apiguardian/apiguardian-api/1.1.2/apiguardian-api-1.1.2.jar:/home/yasuhisa/.m2/repository/org/junit/jupiter/junit-jupiter-engine/5.9.2/junit-jupiter-engine-5.9.2.jar:/home/yasuhisa/.m2/repository/org/junit/platform/junit-platform-engine/1.9.2/junit-platform-engine-1.9.2.jar:"/>
    <property name="sun.cpu.endian" value="little"/>
    <property name="user.home" value="/home/yasuhisa"/>
    <property name="user.language" value="en"/>
    <property name="git.closest.tag.commit.count" value=""/>
    <property name="java.specification.vendor" value="Oracle Corporation"/>
    <property name="java.version.date" value="2023-01-17"/>
    <property name="java.home" value="/usr/lib/jvm/java-17-openjdk-amd64"/>
    <property name="git.total.commit.count" value="714"/>
    <property name="file.separator" value="/"/>
    <property name="basedir" value="/home/yasuhisa/Repository/spring-petclinic-microservices/spring-petclinic-vets-service"/>
    <property name="java.vm.compressedOopsMode" value="Zero based"/>
    <property name="line.separator" value="&#10;"/>
    <property name="git.build.user.email" value="yasuhisa.hayato.y84@jp.nssol.nipponsteel.com"/>
    <property name="git.commit.committer.time" value="2023-02-05T03:21:26+0900"/>
    <property name="java.specification.name" value="Java Platform API Specification"/>
    <property name="java.vm.specification.vendor" value="Oracle Corporation"/>
    <property name="git.closest.tag.name" value=""/>
    <property name="git.local.branch.ahead" value="0"/>
    <property name="git.build.time" value="2023-05-10T13:57:08+0900"/>
    <property name="surefire.real.class.path" value="/home/yasuhisa/Repository/spring-petclinic-microservices/spring-petclinic-vets-service/target/surefire/surefirebooter7603142588090875704.jar"/>
    <property name="git.commit.message.full" value="Bump to Spring Cloud 2022.0.1 (#222)&#10;&#10;* Use Github Actions for CI&#10;&#10;* Bump to Spring Cloud 2022.0.1 and Spring Boot 3.0.2"/>
    <property name="sun.management.compiler" value="HotSpot 64-Bit Tiered Compilers"/>
    <property name="java.runtime.version" value="17.0.6+10-Ubuntu-0ubuntu120.04.1"/>
    <property name="user.name" value="yasuhisa"/>
    <property name="path.separator" value=":"/>
    <property name="os.version" value="5.10.16.3-microsoft-standard-WSL2"/>
    <property name="java.runtime.name" value="OpenJDK Runtime Environment"/>
    <property name="file.encoding" value="UTF-8"/>
    <property name="git.commit.user.email" value="antoine.rey@free.fr"/>
    <property name="java.vm.name" value="OpenJDK 64-Bit Server VM"/>
    <property name="git.local.branch.behind" value="0"/>
    <property name="git.dirty" value="false"/>
    <property name="localRepository" value="/home/yasuhisa/.m2/repository"/>
    <property name="java.vendor.url.bug" value="Unknown"/>
    <property name="java.io.tmpdir" value="/tmp"/>
    <property name="java.version" value="17.0.6"/>
    <property name="user.dir" value="/home/yasuhisa/Repository/spring-petclinic-microservices/spring-petclinic-vets-service"/>
    <property name="os.arch" value="amd64"/>
    <property name="git.commit.user.name" value="Antoine Rey"/>
    <property name="git.commit.id.abbrev" value="99e6e54"/>
    <property name="java.vm.specification.name" value="Java Virtual Machine Specification"/>
    <property name="git.commit.id.describe-short" value="99e6e54"/>
    <property name="git.commit.id.describe" value="99e6e54"/>
    <property name="native.encoding" value="UTF-8"/>
    <property name="java.library.path" value="/usr/java/packages/lib:/usr/lib/x86_64-linux-gnu/jni:/lib/x86_64-linux-gnu:/usr/lib/x86_64-linux-gnu:/usr/lib/jni:/lib:/usr/lib"/>
    <property name="git.commit.message.short" value="Bump to Spring Cloud 2022.0.1 (#222)"/>
    <property name="java.vm.info" value="mixed mode, sharing"/>
    <property name="java.vendor" value="Private Build"/>
    <property name="java.vm.version" value="17.0.6+10-Ubuntu-0ubuntu120.04.1"/>
    <property name="sun.io.unicode.encoding" value="UnicodeLittle"/>
    <property name="java.class.version" value="61.0"/>
    <property name="git.commit.time" value="2023-02-05T03:21:26+0900"/>
    <property name="git.remote.origin.url" value="https://github.com/spring-petclinic/spring-petclinic-microservices.git"/>
  </properties>
  <testcase name="shouldGetAListOfVets" classname="org.springframework.samples.petclinic.vets.web.VetResourceTest" time="0.088"/>
</testsuite>